<?xml version="1.0" encoding="UTF-8"?>
<testng-results total="2" passed="2" failed="0" skipped="0">
  <reporter-output>
  </reporter-output>
  <suite started-at="2020-04-30T17:37:01Z" name="Surefire suite" finished-at="2020-04-30T17:37:42Z" duration-ms="41281">
    <groups>
      <group name="cucumber">
        <method signature="AbstractTestNGCucumberTests.feature(cucumber.api.testng.CucumberFeatureWrapper)[pri:0, instance:Runner.TestRunner@1fc2b765]" name="feature" class="cucumber.api.testng.AbstractTestNGCucumberTests"/>
      </group> <!-- cucumber -->
    </groups>
    <test started-at="2020-04-30T17:37:01Z" name="Surefire test" finished-at="2020-04-30T17:37:42Z" duration-ms="41281">
      <class name="Runner.TestRunner">
        <test-method is-config="true" signature="setUpClass()[pri:0, instance:Runner.TestRunner@1fc2b765]" started-at="2020-04-30T19:37:01Z" name="setUpClass" finished-at="2020-04-30T19:37:01Z" duration-ms="158" status="PASS">
          <reporter-output>
          </reporter-output>
        </test-method> <!-- setUpClass -->
        <test-method signature="feature(cucumber.api.testng.CucumberFeatureWrapper)[pri:0, instance:Runner.TestRunner@1fc2b765]" started-at="2020-04-30T19:37:01Z" name="feature" description="Runs Cucumber Feature" data-provider="features" finished-at="2020-04-30T19:37:30Z" duration-ms="29096" status="PASS">
          <params>
            <param index="0">
              <value>
                <![CDATA[Test_De_Site]]>
              </value>
            </param>
          </params>
          <reporter-output>
          </reporter-output>
        </test-method> <!-- feature -->
        <test-method signature="feature(cucumber.api.testng.CucumberFeatureWrapper)[pri:0, instance:Runner.TestRunner@1fc2b765]" started-at="2020-04-30T19:37:30Z" name="feature" description="Runs Cucumber Feature" data-provider="features" finished-at="2020-04-30T19:37:42Z" duration-ms="11946" status="PASS">
          <params>
            <param index="0">
              <value>
                <![CDATA[Test_De_Site]]>
              </value>
            </param>
          </params>
          <reporter-output>
          </reporter-output>
        </test-method> <!-- feature -->
        <test-method is-config="true" signature="tearDownClass()[pri:0, instance:Runner.TestRunner@1fc2b765]" started-at="2020-04-30T19:37:42Z" name="tearDownClass" finished-at="2020-04-30T19:37:42Z" duration-ms="15" status="PASS">
          <reporter-output>
          </reporter-output>
        </test-method> <!-- tearDownClass -->
      </class> <!-- Runner.TestRunner -->
    </test> <!-- Surefire test -->
  </suite> <!-- Surefire suite -->
</testng-results>
